276 233
5 0.974589682200926
1
0
0
0.13
0.13
0
0.0128036170784959
8.60422844084496e-16
5.21511642883565
0.4437
0.484267076514326
0.05394
0.0540455642914803
0.10788
0.125835081073749
0.10788
0.126832032628505
0.2958
0.318210652651976
0.0341743215144249
0.06525
0.0268208073632464
0.02958
0.13311
0.1627150256017
0.12867481968703
0.13311
0.174
0.177554398520591
-6.7762635780344e-20
0.00380918330109932
0
0
0.03575
0.0429633117020278
0.0205443322407773
0.06525
0.03575
0.0416425381269791
0.0547186537552022
0.1305
0.857196382921504
0.87
0
0
0.0453941501709931
0.0585
0
0
0.05394
0.10788
0.10788
0.0497121607572125
0.0282004036816232
0.13311
0.130892409843515
0.174
0.03575
0.0428971661203886
0.03575
0.0519470750854965
-1.62630325872826e-19
1
4.85722573273506e-17
4.85722573273506e-17
1
0
0
1
0
0
1
0.175085898401557
-0.00699934158125609
1
0.00334455083786098
-0.960643344148986
1
-4.85722573273506e-17
-4.85722573273506e-17
1
0
0
1
2.77555756156289e-17
2.77555756156289e-17
1
0
0
1
6.93889390390723e-18
6.93889390390723e-18
1
0
0
1
0
0
1
0
0
1
0
0
1
0
0
1
0
0
1
0
0
1
0
0
1
0
0
1
0
0
1
0
0
1
0
0
1
0
0
1
0
0
1
0
0
1
0
0
1
0
0
1
0
0
1
0
0
1
0
0
1
0
0
1
0
0
1
0
0
-0.96130373093651
0.96130373093651
-0.882405794084947
0.882405794084947
-0.888780812503156
0.888780812503156
-0.824914101598443
0.824914101598443
-0.960643344148986
0.960643344148986
-0.971849765122766
0.971849765122766
-0.869107590156485
0.869107590156485
-0.852149443538274
0.852149443538274
-0.939803628412778
0.939803628412778
-0.948052924914503
0.948052924914503
-0.950287839242787
0.950287839242787
-0.957102833879611
0.957102833879611
-4.20453602489879e-20
4.85722573273506e-17
0.0386962690634895
0
0.0386962690634896
0
0.117594205915053
0
0.117594205915053
0
0.111219187496844
0
0.111219187496844
0
0.175085898401557
0.0198792074657886
0.194965105867346
0.0162244167223935
0.0231322391286204
0
0.0393566558510139
-4.85722573273506e-17
0.0281502348772343
0
0.0281502348772342
0
0.130892409843515
0
0.130892409843515
2.77555756156289e-17
0.147850556461726
0
0.147850556461726
0
0.060196371587222
0
0.060196371587222
6.93889390390723e-18
0.0519470750854966
0
0.0519470750854966
0
0.0497121607572125
0
0.0497121607572125
0
0.0428971661203886
0
0.0428971661203886
0
0
0
0
0
0
0
0
0
0
0
0
0
0
0
0
0
0
0
0
0
0
0
0
0
0
0
0
0
0
0
0
0
0
0
0
0
0
0
0
0
0
0
0
0.00640180853924797
2.60755821441782
0.0202835382571628
5.27821457401503e-05
0.00897754053687447
0.00947601631425248
0.011205326325988
0.0155378392427875
0.0013795963183768
0.01480251280085
0.00221759015648523
0.00177719926029572
0.00190459165054966
0
0.00360665585101391
0.0223528338796114
0.00294626906348955
0.0378906731223989
0.00640180853924822
0
0.00655292491450345
0
0.0016887979854391
0.00449375534268784
0.0386962690634896
0.117594205915053
0.00640180853924797
0.111219187496844
0.175085898401557
0.0393566558510139
0.0281502348772342
0.130892409843515
0.147850556461726
0.060196371587222
0.0519470750854966
0.0497121607572125
0.0428971661203886
0
0
0
0
0
0
0
0
0
0
0
0
0
0
0
0
0
0
0
0
0
5.27821457401503e-05
0.00897754053687447
0.00947601631425248
0
0
0.01480251280085
0
0.00177719926029572
0.00360665585101391
0
0.00294626906348955
0
0
1
0
0
1
0
0
1
0
1
0
0
0
0
1
0
1
0
0
1
0
0
1
0
0
1
0
0
1
0
0
1
0
0
1
0
1
0
0
1
0
0
1
0
0
1
0
0
1
0
0
1
0
0
1
0
0
1
0
0
1
0
0
1
0
0
1
0
0
1
0
0
1
0
0
1
0
0
1
0
0
1
0
0
1
0
0
1
0
0
1
0
0
1
0
0
1
0
0
1
1
1
1
1
1
1
1
1
1
1
1
4.85722573273506e-17
0
0
-0
0
0
0
0
0
0.0198792074657886
0.0162244167223935
0
-4.85722573273506e-17
0
0
0
2.77555756156289e-17
0
0
-0
6.93889390390723e-18
0
0
0
0
0
-0
-0
-0
-0
-0
-0
-0
-0
-0
-0
-0
-0
-0
-0
-0
-0
-0
-0
-0
-0
-0
0
0
0
